2026-02-05 18:30:57 - standings - INFO - Browser initialized successfully
2026-02-05 18:30:57 - standings - INFO - Starting standings scrape...
2026-02-05 18:30:57 - standings - INFO - Navigating to: https://odibets.com/odileague
2026-02-05 18:31:23 - standings - INFO - Page loaded successfully: https://odibets.com/odileague
2026-02-05 18:31:25 - standings - INFO - Popup closed
2026-02-05 18:31:27 - standings - INFO - Switched to Standings tab
2026-02-05 18:31:30 - standings - INFO - League: English League
2026-02-05 18:31:36 - standings - INFO - Successfully extracted standings for 20 teams
2026-02-05 18:31:36 - standings - INFO - Data saved as json: C:\Users\USER\Desktop\prototypes-main\New folder (3)\data\standings\standings_20260205_183136.json
2026-02-05 18:31:36 - standings - INFO - Data saved as csv: C:\Users\USER\Desktop\prototypes-main\New folder (3)\data\standings\standings_20260205_183136.csv
2026-02-05 18:31:38 - standings - INFO - Browser closed
2026-02-05 18:47:45 - standings - INFO - Browser initialized successfully
2026-02-05 18:47:45 - standings - INFO - Starting standings scrape...
2026-02-05 18:47:45 - standings - INFO - Navigating to: https://odibets.com/odileague
2026-02-05 18:48:16 - standings - INFO - Page loaded successfully: https://odibets.com/odileague
2026-02-05 18:48:19 - standings - INFO - Popup closed
2026-02-05 18:48:20 - standings - INFO - Switched to Standings tab
2026-02-05 18:48:23 - standings - INFO - League: English League
2026-02-05 18:48:28 - standings - INFO - Successfully extracted standings for 20 teams
2026-02-05 18:48:31 - standings - INFO - Browser closed
